<?xml version="1.0" encoding="UTF-8"?>
<!-- Generated by org.testng.reporters.JUnitXMLReporter -->
<testsuite hostname="Administrator" name="TC3" tests="10" failures="0" timestamp="2 Nov 2015 09:41:12 GMT" time="77.487" errors="0">
  <testcase name="test_3" time="8.173" classname="pagetests.VerifySampleTestCase"/>
  <testcase name="test_3" time="6.881" classname="pagetests.VerifySampleTestCase"/>
  <testcase name="test_3" time="7.028" classname="pagetests.VerifySampleTestCase"/>
  <testcase name="test_4" time="6.927" classname="pagetests.VerifySampleTestCase"/>
  <testcase name="test_4" time="6.922" classname="pagetests.VerifySampleTestCase"/>
  <testcase name="test_4" time="6.91" classname="pagetests.VerifySampleTestCase"/>
  <testcase name="test_4" time="6.87" classname="pagetests.VerifySampleTestCase"/>
  <testcase name="test_4" time="6.994" classname="pagetests.VerifySampleTestCase"/>
  <testcase name="test_4" time="6.844" classname="pagetests.VerifySampleTestCase"/>
  <testcase name="test_4" time="7.201" classname="pagetests.VerifySampleTestCase"/>
</testsuite> <!-- TC3 -->
