<?xml version="1.0" encoding="UTF-8"?>
<!-- Generated by org.testng.reporters.JUnitXMLReporter -->
<testsuite hostname="Administrator" name="Test" tests="7" failures="0" timestamp="31 Oct 2015 21:31:00 GMT" time="59.022" errors="0">
  <testcase name="test_1" time="8.219" classname="pagetests.VerifyDataProviderExcel"/>
  <testcase name="test_1" time="6.916" classname="pagetests.VerifyDataProviderExcel"/>
  <testcase name="test_1" time="6.954" classname="pagetests.VerifyDataProviderExcel"/>
  <testcase name="test_1" time="7.05" classname="pagetests.VerifyDataProviderExcel"/>
  <testcase name="test_1" time="6.909" classname="pagetests.VerifyDataProviderExcel"/>
  <testcase name="test_1" time="7.031" classname="pagetests.VerifyDataProviderExcel"/>
  <testcase name="test_1" time="6.96" classname="pagetests.VerifyDataProviderExcel"/>
</testsuite> <!-- Test -->
