<?xml version="1.0" encoding="UTF-8"?>
<testsuite name="TestSuite" time="24.083" tests="16" errors="0" skipped="0" failures="0">
  <properties>
[...]
</properties>
  <testcase name="test_1" classname="pagetests.VerifySampleTestCase" time="4.535"/>
  <testcase name="test_1" classname="pagetests.VerifySampleTestCase" time="4.591"/>
  <testcase name="test_1" classname="pagetests.VerifySampleTestCase" time="4.044"/>
  <testcase name="test_2" classname="pagetests.VerifySampleTestCase" time="3.89"/>
  <testcase name="test_2" classname="pagetests.VerifySampleTestCase" time="3.89"/>
  <testcase name="test_2" classname="pagetests.VerifySampleTestCase" time="3.592"/>
  <testcase name="test_3" classname="pagetests.VerifySampleTestCase" time="8.79"/>
  <testcase name="test_3" classname="pagetests.VerifySampleTestCase" time="6.841"/>
  <testcase name="test_3" classname="pagetests.VerifySampleTestCase" time="6.993"/>
  <testcase name="test_4" classname="pagetests.VerifySampleTestCase" time="6.868"/>
  <testcase name="test_4" classname="pagetests.VerifySampleTestCase" time="6.881"/>
  <testcase name="test_4" classname="pagetests.VerifySampleTestCase" time="6.898"/>
  <testcase name="test_4" classname="pagetests.VerifySampleTestCase" time="6.903"/>
  <testcase name="test_4" classname="pagetests.VerifySampleTestCase" time="7.094"/>
  <testcase name="test_4" classname="pagetests.VerifySampleTestCase" time="6.866"/>
  <testcase name="test_4" classname="pagetests.VerifySampleTestCase" time="6.87"/>
</testsuite>