<?xml version="1.0" encoding="UTF-8"?>
<!-- Generated by org.testng.reporters.JUnitXMLReporter -->
<testsuite hostname="Administrator" name="TC3" tests="10" failures="0" timestamp="2 Nov 2015 09:44:43 GMT" time="80.909" errors="0">
  <testcase name="test_3" time="8.753" classname="pagetests.VerifySampleTestCase"/>
  <testcase name="test_3" time="6.877" classname="pagetests.VerifySampleTestCase"/>
  <testcase name="test_3" time="6.995" classname="pagetests.VerifySampleTestCase"/>
  <testcase name="test_4" time="6.87" classname="pagetests.VerifySampleTestCase"/>
  <testcase name="test_4" time="6.862" classname="pagetests.VerifySampleTestCase"/>
  <testcase name="test_4" time="6.907" classname="pagetests.VerifySampleTestCase"/>
  <testcase name="test_4" time="6.891" classname="pagetests.VerifySampleTestCase"/>
  <testcase name="test_4" time="7.108" classname="pagetests.VerifySampleTestCase"/>
  <testcase name="test_4" time="6.866" classname="pagetests.VerifySampleTestCase"/>
  <testcase name="test_4" time="6.87" classname="pagetests.VerifySampleTestCase"/>
</testsuite> <!-- TC3 -->
